
2025/01/13 (20:26:31) | ===> btop++ v.1.4.0
2025/01/13 (20:26:31) | ERROR: No UTF-8 locale detected!
Use --utf-force argument to force start if you're sure your terminal can handle it.

2025/01/13 (20:26:42) | ===> btop++ v.1.4.0
2025/01/13 (20:26:42) | ERROR: No UTF-8 locale detected!
Use --utf-force argument to force start if you're sure your terminal can handle it.

2025/01/13 (20:28:44) | ===> btop++ v.1.4.0
2025/01/13 (20:28:44) | ERROR: No UTF-8 locale detected!
Use --utf-force argument to force start if you're sure your terminal can handle it.

2025/01/13 (20:33:27) | ===> btop++ v.1.4.0
2025/01/13 (20:33:27) | ERROR: No UTF-8 locale detected!
Use --utf-force argument to force start if you're sure your terminal can handle it.

2025/01/13 (20:33:30) | ===> btop++ v.1.4.0
2025/01/13 (20:33:30) | ERROR: No UTF-8 locale detected!
Use --utf-force argument to force start if you're sure your terminal can handle it.

2025/01/13 (20:35:06) | ===> btop++ v.1.4.0
2025/01/13 (20:35:06) | WARNING: No UTF-8 locale detected! Forcing start with --utf-force argument.
2025/01/13 (20:35:07) | WARNING: NVML: Failed to get maximum GPU power draw, defaulting to 225W: Not Supported

2025/01/14 (23:48:25) | ===> btop++ v.1.4.0
2025/01/14 (23:48:25) | WARNING: NVML: Failed to get maximum GPU power draw, defaulting to 225W: Not Supported

2025/01/14 (23:48:33) | ===> btop++ v.1.4.0
2025/01/14 (23:48:33) | WARNING: NVML: Failed to get maximum GPU power draw, defaulting to 225W: Not Supported

2025/01/15 (02:32:16) | ===> btop++ v.1.4.0
2025/01/15 (02:32:16) | WARNING: NVML: Failed to get maximum GPU power draw, defaulting to 225W: Not Supported

2025/01/15 (03:32:20) | ===> btop++ v.1.4.0
2025/01/15 (03:32:20) | WARNING: NVML: Failed to get maximum GPU power draw, defaulting to 225W: Not Supported

2025/01/15 (22:10:09) | ===> btop++ v.1.4.0
2025/01/15 (22:10:09) | WARNING: NVML: Failed to get maximum GPU power draw, defaulting to 225W: Not Supported

2025/01/15 (22:17:14) | ===> btop++ v.1.4.0
2025/01/15 (22:17:14) | WARNING: NVML: Failed to get maximum GPU power draw, defaulting to 225W: Not Supported

2025/01/15 (22:18:17) | ===> btop++ v.1.4.0
2025/01/15 (22:18:17) | WARNING: NVML: Failed to get maximum GPU power draw, defaulting to 225W: Not Supported

2025/01/15 (22:19:19) | ===> btop++ v.1.4.0
2025/01/15 (22:19:19) | WARNING: NVML: Failed to get maximum GPU power draw, defaulting to 225W: Not Supported

2025/01/16 (04:13:28) | ===> btop++ v.1.4.0
2025/01/16 (04:13:28) | WARNING: NVML: Failed to get maximum GPU power draw, defaulting to 225W: Not Supported
